<?xml version="1.0" encoding="UTF-8"?>
<!-- Generated by org.testng.reporters.JUnitReportReporter -->
<testsuite hostname="LAPTOP-JHQ4MOIN" failures="0" tests="5" name="extentReports.ExtentDemo" time="0.029" errors="0" timestamp="13 Mar 2023 14:29:08 GMT" skipped="1">
  <testcase classname="extentReports.ExtentDemo" name="verifyUserName" time="0.016"/>
  <testcase classname="extentReports.ExtentDemo" name="verifyEmail" time="0.002">
    <skipped/>
  </testcase> <!-- verifyEmail -->
  <testcase classname="extentReports.ExtentDemo" name="verifyTitle" time="0.002"/>
  <testcase classname="extentReports.ExtentDemo" name="launBrowserAndOpenUrl" time="0.002"/>
  <testcase classname="extentReports.ExtentDemo" name="VerifyLogo" time="0.007"/>
</testsuite> <!-- extentReports.ExtentDemo -->
