<?xml version="1.0" encoding="UTF-8"?>
<!-- Generated by org.testng.reporters.JUnitReportReporter -->
<testsuite hostname="LAPTOP-JHQ4MOIN" failures="0" tests="1" name="simpleTestMaven.MavenTest" time="0.006" errors="0" timestamp="12 Mar 2023 11:41:54 GMT" skipped="0">
  <testcase classname="simpleTestMaven.MavenTest" name="test" time="0.006"/>
</testsuite> <!-- simpleTestMaven.MavenTest -->
